<testsuite errors="0" failures="0" name="Django Project Tests" skips="0" tests="10" time="0.084"><testcase classname="polls.tests.QuestionIndexDetailTests" name="test_detail_view_with_a_future_question" time="0.043484" /><testcase classname="polls.tests.QuestionIndexDetailTests" name="test_detail_view_with_a_past_question" time="0.016064" /><testcase classname="polls.tests.QuestionMethodTests" name="test_was_published_recently_with_future_question" time="0.000093" /><testcase classname="polls.tests.QuestionMethodTests" name="test_was_published_recently_with_old_question" time="0.000081" /><testcase classname="polls.tests.QuestionMethodTests" name="test_was_published_recently_with_recent_question" time="0.000097" /><testcase classname="polls.tests.QuestionViewTests" name="test_index_view_with_a_future_question" time="0.004159" /><testcase classname="polls.tests.QuestionViewTests" name="test_index_view_with_a_past_question" time="0.003777" /><testcase classname="polls.tests.QuestionViewTests" name="test_index_view_with_future_question_and_past_question" time="0.004181" /><testcase classname="polls.tests.QuestionViewTests" name="test_index_view_with_no_questions" time="0.003063" /><testcase classname="polls.tests.QuestionViewTests" name="test_index_view_with_two_past_questions" time="0.004185" /></testsuite>