<testsuite errors="0" failures="0" name="Django Project Tests" skips="0" tests="10" time="0.088"><testcase classname="polls.tests.QuestionIndexDetailTests" name="test_detail_view_with_a_future_question" time="0.033839" /><testcase classname="polls.tests.QuestionIndexDetailTests" name="test_detail_view_with_a_past_question" time="0.012959" /><testcase classname="polls.tests.QuestionMethodTests" name="test_was_published_recently_with_future_question" time="0.000150" /><testcase classname="polls.tests.QuestionMethodTests" name="test_was_published_recently_with_old_question" time="0.000258" /><testcase classname="polls.tests.QuestionMethodTests" name="test_was_published_recently_with_recent_question" time="0.000134" /><testcase classname="polls.tests.QuestionViewTests" name="test_index_view_with_a_future_question" time="0.006380" /><testcase classname="polls.tests.QuestionViewTests" name="test_index_view_with_a_past_question" time="0.006641" /><testcase classname="polls.tests.QuestionViewTests" name="test_index_view_with_future_question_and_past_question" time="0.007210" /><testcase classname="polls.tests.QuestionViewTests" name="test_index_view_with_no_questions" time="0.005270" /><testcase classname="polls.tests.QuestionViewTests" name="test_index_view_with_two_past_questions" time="0.007562" /></testsuite>