<testsuite errors="0" failures="0" name="Django Project Tests" skips="0" tests="10" time="0.045"><testcase classname="polls.tests.QuestionIndexDetailTests" name="test_detail_view_with_a_future_question" time="0.014797" /><testcase classname="polls.tests.QuestionIndexDetailTests" name="test_detail_view_with_a_past_question" time="0.006481" /><testcase classname="polls.tests.QuestionMethodTests" name="test_was_published_recently_with_future_question" time="0.000094" /><testcase classname="polls.tests.QuestionMethodTests" name="test_was_published_recently_with_old_question" time="0.000083" /><testcase classname="polls.tests.QuestionMethodTests" name="test_was_published_recently_with_recent_question" time="0.000101" /><testcase classname="polls.tests.QuestionViewTests" name="test_index_view_with_a_future_question" time="0.003804" /><testcase classname="polls.tests.QuestionViewTests" name="test_index_view_with_a_past_question" time="0.003734" /><testcase classname="polls.tests.QuestionViewTests" name="test_index_view_with_future_question_and_past_question" time="0.004113" /><testcase classname="polls.tests.QuestionViewTests" name="test_index_view_with_no_questions" time="0.003033" /><testcase classname="polls.tests.QuestionViewTests" name="test_index_view_with_two_past_questions" time="0.004088" /></testsuite>